Rendering to 1024x1024 image
Loaded scene with 25 circles
Loaded scene with 25 circles
---------------------------------------------------------
Initializing CUDA for CudaRenderer
Found 4 CUDA devices
Device 0: GeForce GTX 1080 Ti
   SMs:        28
   Global mem: 11178 MB
   CUDA Cap:   6.1
Device 1: GeForce GTX 1080 Ti
   SMs:        28
   Global mem: 11178 MB
   CUDA Cap:   6.1
Device 2: GeForce GTX 1080 Ti
   SMs:        28
   Global mem: 11178 MB
   CUDA Cap:   6.1
Device 3: GeForce GTX 1080 Ti
   SMs:        28
   Global mem: 11178 MB
   CUDA Cap:   6.1
---------------------------------------------------------

Running benchmark, 1 frames, beginning at frame 0 ...
numPairs=57
--------------- pairs = 15
---------------buffer = 11
---------------output array = 11
--------------- pairs = 15
---------------buffer = 12
---------------output array = 12
--------------- pairs = 15
---------------buffer = 13
---------------output array = 13
--------------- pairs = 15
---------------buffer = 14
---------------output array = 14
--------------- pairs = 15
---------------buffer = 15
---------------output array = 15
--------------- pairs = 15
---------------buffer = 16
---------------output array = 16
--------------- pairs = 15
---------------buffer = 17
---------------output array = 17
--------------- pairs = 15
---------------buffer = 18
---------------output array = 18
--------------- pairs = 15
---------------buffer = 19
---------------output array = 19
--------------- pairs = 15
---------------buffer = 20
---------------output array = 20
--------------- pairs = 15
---------------buffer = 21
---------------output array = 21
--------------- pairs = 15
---------------buffer = 22
---------------output array = 22
--------------- pairs = 15
---------------buffer = 23
---------------output array = 23
--------------- pairs = 15
---------------buffer = 24
---------------output array = 24
--------------- pairs = 15
---------------buffer = 31
---------------output array = 31
--------------- pairs = 15
---------------buffer = -1
---------------output array = 1
--------------- pairs = 15
---------------buffer = -1
---------------output array = 9
--------------- pairs = 15
---------------buffer = -1
---------------output array = 1
--------------- pairs = 15
---------------buffer = -1
---------------output array = 2
--------------- pairs = 15
---------------buffer = -1
---------------output array = 1
--------------- pairs = 15
---------------buffer = -1
---------------output array = 4
--------------- pairs = 15
---------------buffer = -1
---------------output array = 1
--------------- pairs = 15
---------------buffer = -1
---------------output array = 2
--------------- pairs = 15
---------------buffer = -1
---------------output array = 1
--------------- pairs = 15
---------------buffer = -1
---------------output array = 1
num=15
num=15
goint into else
--------------- pairs = 15
---------------buffer = 11
---------------output array = 11
--------------- pairs = 15
---------------buffer = 12
---------------output array = 12
--------------- pairs = 15
---------------buffer = 13
---------------output array = 13
--------------- pairs = 15
---------------buffer = 14
---------------output array = 14
--------------- pairs = 15
---------------buffer = 15
---------------output array = 15
--------------- pairs = 15
---------------buffer = 16
---------------output array = 16
--------------- pairs = 15
---------------buffer = 17
---------------output array = 17
--------------- pairs = 15
---------------buffer = 18
---------------output array = 18
--------------- pairs = 15
---------------buffer = 19
---------------output array = 19
--------------- pairs = 15
---------------buffer = 20
---------------output array = 20
--------------- pairs = 15
---------------buffer = 21
---------------output array = 21
--------------- pairs = 15
---------------buffer = 22
---------------output array = 22
--------------- pairs = 15
---------------buffer = 23
---------------output array = 23
--------------- pairs = 15
---------------buffer = 24
---------------output array = 24
--------------- pairs = 15
---------------buffer = 25
---------------output array = 25
--------------- pairs = 15
---------------buffer = -1
---------------output array = 0
--------------- pairs = 15
---------------buffer = -1
---------------output array = 0
--------------- pairs = 15
---------------buffer = -1
---------------output array = 17
--------------- pairs = 15
---------------buffer = -1
---------------output array = 0
--------------- pairs = 15
---------------buffer = -1
---------------output array = 0
--------------- pairs = 15
---------------buffer = -1
---------------output array = 0
--------------- pairs = 15
---------------buffer = -1
---------------output array = 4
--------------- pairs = 15
---------------buffer = -1
---------------output array = 1
--------------- pairs = 15
---------------buffer = -1
---------------output array = 2
--------------- pairs = 15
---------------buffer = -1
---------------output array = 1
num=15
goint into else
--------------- pairs = 15
---------------buffer = 11
---------------output array = 11
--------------- pairs = 15
---------------buffer = 12
---------------output array = 12
--------------- pairs = 15
---------------buffer = 13
---------------output array = 13
--------------- pairs = 15
---------------buffer = 14
---------------output array = 14
--------------- pairs = 15
---------------buffer = 15
---------------output array = 15
--------------- pairs = 15
---------------buffer = 16
---------------output array = 16
--------------- pairs = 15
---------------buffer = 17
---------------output array = 17
--------------- pairs = 15
---------------buffer = 18
---------------output array = 18
--------------- pairs = 15
---------------buffer = 19
---------------output array = 19
--------------- pairs = 15
---------------buffer = 20
---------------output array = 20
--------------- pairs = 15
---------------buffer = 21
---------------output array = 21
--------------- pairs = 15
---------------buffer = 22
---------------output array = 22
--------------- pairs = 15
---------------buffer = 23
---------------output array = 23
--------------- pairs = 15
---------------buffer = 24
---------------output array = 24
--------------- pairs = 15
---------------buffer = 25
---------------output array = 25
--------------- pairs = 15
---------------buffer = -1
---------------output array = 1
--------------- pairs = 15
---------------buffer = -1
---------------output array = 2
--------------- pairs = 15
---------------buffer = -1
---------------output array = 1
--------------- pairs = 15
---------------buffer = -1
---------------output array = 5
--------------- pairs = 15
---------------buffer = -1
---------------output array = 1
--------------- pairs = 15
---------------buffer = -1
---------------output array = 0
--------------- pairs = 15
---------------buffer = -1
---------------output array = 0
--------------- pairs = 15
---------------buffer = -1
---------------output array = 0
--------------- pairs = 15
---------------buffer = -1
---------------output array = 0
--------------- pairs = 15
---------------buffer = -1
---------------output array = 0
num=15
goint into else
--------------- pairs = 15
---------------buffer = 11
---------------output array = 11
--------------- pairs = 15
---------------buffer = 12
---------------output array = 12
--------------- pairs = 15
---------------buffer = 13
---------------output array = 13
--------------- pairs = 15
---------------buffer = 14
---------------output array = 14
--------------- pairs = 15
---------------buffer = 15
---------------output array = 15
--------------- pairs = 15
---------------buffer = 16
---------------output array = 16
--------------- pairs = 15
---------------buffer = 17
---------------output array = 17
--------------- pairs = 15
---------------buffer = 18
---------------output array = 18
--------------- pairs = 15
---------------buffer = 19
---------------output array = 19
--------------- pairs = 15
---------------buffer = 20
---------------output array = 20
--------------- pairs = 15
---------------buffer = 21
---------------output array = 21
--------------- pairs = 15
---------------buffer = 22
---------------output array = 22
--------------- pairs = 15
---------------buffer = 23
---------------output array = 23
--------------- pairs = 15
---------------buffer = 24
---------------output array = 24
--------------- pairs = 15
---------------buffer = 25
---------------output array = 25
--------------- pairs = 15
---------------buffer = -1
---------------output array = 3
--------------- pairs = 15
---------------buffer = -1
---------------output array = 1
--------------- pairs = 15
---------------buffer = -1
---------------output array = 2
--------------- pairs = 15
---------------buffer = -1
---------------output array = 1
--------------- pairs = 15
---------------buffer = -1
---------------output array = 26
--------------- pairs = 15
---------------buffer = -1
---------------output array = 1
--------------- pairs = 15
---------------buffer = -1
---------------output array = 2
--------------- pairs = 15
---------------buffer = -1
---------------output array = 1
--------------- pairs = 15
---------------buffer = -1
---------------output array = 4
--------------- pairs = 15
---------------buffer = -1
---------------output array = 1
num=15
goint into else
--------------- pairs = 2
---------------buffer = 24
---------------output array = 24
--------------- pairs = 2
---------------buffer = 25
---------------output array = 25
--------------- pairs = 2
---------------buffer = -1
---------------output array = 2
--------------- pairs = 2
---------------buffer = -1
---------------output array = 1
--------------- pairs = 2
---------------buffer = -1
---------------output array = 26
--------------- pairs = 2
---------------buffer = -1
---------------output array = 1
--------------- pairs = 2
---------------buffer = -1
---------------output array = 2
--------------- pairs = 2
---------------buffer = -1
---------------output array = 1
--------------- pairs = 2
---------------buffer = -1
---------------output array = 4
--------------- pairs = 2
---------------buffer = -1
---------------output array = 1
--------------- pairs = 2
---------------buffer = -1
---------------output array = 2
--------------- pairs = 2
---------------buffer = -1
---------------output array = 1
--------------- pairs = 2
---------------buffer = -1
---------------output array = 3
--------------- pairs = 2
---------------buffer = -1
---------------output array = 1
--------------- pairs = 2
---------------buffer = -1
---------------output array = 1
--------------- pairs = 2
---------------buffer = 26
---------------output array = 0
--------------- pairs = 2
---------------buffer = -1
---------------output array = 0
--------------- pairs = 2
---------------buffer = -1
---------------output array = 0
--------------- pairs = 2
---------------buffer = -1
---------------output array = 0
--------------- pairs = 2
---------------buffer = -1
---------------output array = 0
--------------- pairs = 2
---------------buffer = -1
---------------output array = 10
--------------- pairs = 2
---------------buffer = -1
---------------output array = 0
--------------- pairs = 2
---------------buffer = -1
---------------output array = 0
--------------- pairs = 2
---------------buffer = -1
---------------output array = 0
--------------- pairs = 2
---------------buffer = -1
---------------output array = 2
num=2
goint into else
--------------- pairs = 2
---------------buffer = 25
---------------output array = 25
--------------- pairs = 2
---------------buffer = 26
---------------output array = 26
--------------- pairs = 2
---------------buffer = -1
---------------output array = 26
--------------- pairs = 2
---------------buffer = -1
---------------output array = 1
--------------- pairs = 2
---------------buffer = -1
---------------output array = 2
--------------- pairs = 2
---------------buffer = -1
---------------output array = 1
--------------- pairs = 2
---------------buffer = -1
---------------output array = 4
--------------- pairs = 2
---------------buffer = -1
---------------output array = 1
--------------- pairs = 2
---------------buffer = -1
---------------output array = 2
--------------- pairs = 2
---------------buffer = -1
---------------output array = 1
--------------- pairs = 2
---------------buffer = -1
---------------output array = 3
--------------- pairs = 2
---------------buffer = -1
---------------output array = 1
--------------- pairs = 2
---------------buffer = -1
---------------output array = 1
--------------- pairs = 2
---------------buffer = -1
---------------output array = 0
--------------- pairs = 2
---------------buffer = -1
---------------output array = 0
--------------- pairs = 2
---------------buffer = -1
---------------output array = 0
--------------- pairs = 2
---------------buffer = 27
---------------output array = 0
--------------- pairs = 2
---------------buffer = -1
---------------output array = 0
--------------- pairs = 2
---------------buffer = -1
---------------output array = 10
--------------- pairs = 2
---------------buffer = -1
---------------output array = 0
--------------- pairs = 2
---------------buffer = -1
---------------output array = 0
--------------- pairs = 2
---------------buffer = -1
---------------output array = 0
--------------- pairs = 2
---------------buffer = -1
---------------output array = 2
--------------- pairs = 2
---------------buffer = -1
---------------output array = 0
--------------- pairs = 2
---------------buffer = -1
---------------output array = 2
num=2
goint into else
--------------- pairs = 2
---------------buffer = 26
---------------output array = 26
--------------- pairs = 2
---------------buffer = 27
---------------output array = 27
--------------- pairs = 2
---------------buffer = -1
---------------output array = 2
--------------- pairs = 2
---------------buffer = -1
---------------output array = 1
--------------- pairs = 2
---------------buffer = -1
---------------output array = 4
--------------- pairs = 2
---------------buffer = -1
---------------output array = 1
--------------- pairs = 2
---------------buffer = -1
---------------output array = 2
--------------- pairs = 2
---------------buffer = -1
---------------output array = 1
--------------- pairs = 2
---------------buffer = -1
---------------output array = 3
--------------- pairs = 2
---------------buffer = -1
---------------output array = 1
--------------- pairs = 2
---------------buffer = -1
---------------output array = 1
--------------- pairs = 2
---------------buffer = -1
---------------output array = 0
--------------- pairs = 2
---------------buffer = -1
---------------output array = 0
--------------- pairs = 2
---------------buffer = -1
---------------output array = 0
--------------- pairs = 2
---------------buffer = -1
---------------output array = 0
--------------- pairs = 2
---------------buffer = -1
---------------output array = 0
--------------- pairs = 2
---------------buffer = -1
---------------output array = 10
--------------- pairs = 2
---------------buffer = 28
---------------output array = 0
--------------- pairs = 2
---------------buffer = -1
---------------output array = 0
--------------- pairs = 2
---------------buffer = -1
---------------output array = 0
--------------- pairs = 2
---------------buffer = -1
---------------output array = 2
--------------- pairs = 2
---------------buffer = -1
---------------output array = 0
--------------- pairs = 2
---------------buffer = -1
---------------output array = 2
--------------- pairs = 2
---------------buffer = -1
---------------output array = 1
--------------- pairs = 2
---------------buffer = -1
---------------output array = 8
num=2
goint into else
--------------- pairs = 2
---------------buffer = 27
---------------output array = 27
--------------- pairs = 2
---------------buffer = 28
---------------output array = 28
--------------- pairs = 2
---------------buffer = -1
---------------output array = 4
--------------- pairs = 2
---------------buffer = -1
---------------output array = 1
--------------- pairs = 2
---------------buffer = -1
---------------output array = 2
--------------- pairs = 2
---------------buffer = -1
---------------output array = 1
--------------- pairs = 2
---------------buffer = -1
---------------output array = 3
--------------- pairs = 2
---------------buffer = -1
---------------output array = 1
--------------- pairs = 2
---------------buffer = -1
---------------output array = 1
--------------- pairs = 2
---------------buffer = -1
---------------output array = 0
--------------- pairs = 2
---------------buffer = -1
---------------output array = 0
--------------- pairs = 2
---------------buffer = -1
---------------output array = 0
--------------- pairs = 2
---------------buffer = -1
---------------output array = 0
--------------- pairs = 2
---------------buffer = -1
---------------output array = 0
--------------- pairs = 2
---------------buffer = -1
---------------output array = 10
--------------- pairs = 2
---------------buffer = -1
---------------output array = 0
--------------- pairs = 2
---------------buffer = -1
---------------output array = 0
--------------- pairs = 2
---------------buffer = -1
---------------output array = 0
--------------- pairs = 2
---------------buffer = 29
---------------output array = 2
--------------- pairs = 2
---------------buffer = -1
---------------output array = 0
--------------- pairs = 2
---------------buffer = -1
---------------output array = 2
--------------- pairs = 2
---------------buffer = -1
---------------output array = 1
--------------- pairs = 2
---------------buffer = -1
---------------output array = 8
--------------- pairs = 2
---------------buffer = -1
---------------output array = 1
--------------- pairs = 2
---------------buffer = -1
---------------output array = 2
num=2
goint into else
--------------- pairs = 2
---------------buffer = 28
---------------output array = 28
--------------- pairs = 2
---------------buffer = 29
---------------output array = 29
--------------- pairs = 2
---------------buffer = -1
---------------output array = 2
--------------- pairs = 2
---------------buffer = -1
---------------output array = 1
--------------- pairs = 2
---------------buffer = -1
---------------output array = 3
--------------- pairs = 2
---------------buffer = -1
---------------output array = 1
--------------- pairs = 2
---------------buffer = -1
---------------output array = 1
--------------- pairs = 2
---------------buffer = -1
---------------output array = 0
--------------- pairs = 2
---------------buffer = -1
---------------output array = 0
--------------- pairs = 2
---------------buffer = -1
---------------output array = 0
--------------- pairs = 2
---------------buffer = -1
---------------output array = 0
--------------- pairs = 2
---------------buffer = -1
---------------output array = 0
--------------- pairs = 2
---------------buffer = -1
---------------output array = 10
--------------- pairs = 2
---------------buffer = -1
---------------output array = 0
--------------- pairs = 2
---------------buffer = -1
---------------output array = 0
--------------- pairs = 2
---------------buffer = -1
---------------output array = 0
--------------- pairs = 2
---------------buffer = -1
---------------output array = 2
--------------- pairs = 2
---------------buffer = -1
---------------output array = 0
--------------- pairs = 2
---------------buffer = -1
---------------output array = 2
--------------- pairs = 2
---------------buffer = 30
---------------output array = 1
--------------- pairs = 2
---------------buffer = -1
---------------output array = 8
--------------- pairs = 2
---------------buffer = -1
---------------output array = 1
--------------- pairs = 2
---------------buffer = -1
---------------output array = 2
--------------- pairs = 2
---------------buffer = -1
---------------output array = 1
--------------- pairs = 2
---------------buffer = -1
---------------output array = 4
num=2
goint into else
--------------- pairs = 2
---------------buffer = 29
---------------output array = 29
--------------- pairs = 2
---------------buffer = 30
---------------output array = 30
--------------- pairs = 2
---------------buffer = -1
---------------output array = 3
--------------- pairs = 2
---------------buffer = -1
---------------output array = 1
--------------- pairs = 2
---------------buffer = -1
---------------output array = 1
--------------- pairs = 2
---------------buffer = -1
---------------output array = 0
--------------- pairs = 2
---------------buffer = -1
---------------output array = 0
--------------- pairs = 2
---------------buffer = -1
---------------output array = 0
--------------- pairs = 2
---------------buffer = -1
---------------output array = 0
--------------- pairs = 2
---------------buffer = -1
---------------output array = 0
--------------- pairs = 2
---------------buffer = -1
---------------output array = 10
--------------- pairs = 2
---------------buffer = -1
---------------output array = 0
--------------- pairs = 2
---------------buffer = -1
---------------output array = 0
--------------- pairs = 2
---------------buffer = -1
---------------output array = 0
--------------- pairs = 2
---------------buffer = -1
---------------output array = 2
--------------- pairs = 2
---------------buffer = -1
---------------output array = 0
--------------- pairs = 2
---------------buffer = -1
---------------output array = 2
--------------- pairs = 2
---------------buffer = -1
---------------output array = 1
--------------- pairs = 2
---------------buffer = -1
---------------output array = 8
--------------- pairs = 2
---------------buffer = -1
---------------output array = 1
--------------- pairs = 2
---------------buffer = 31
---------------output array = 2
--------------- pairs = 2
---------------buffer = -1
---------------output array = 1
--------------- pairs = 2
---------------buffer = -1
---------------output array = 4
--------------- pairs = 2
---------------buffer = -1
---------------output array = 1
--------------- pairs = 2
---------------buffer = -1
---------------output array = 2
num=2
goint into else
--------------- pairs = 2
---------------buffer = 30
---------------output array = 30
--------------- pairs = 2
---------------buffer = 31
---------------output array = 31
--------------- pairs = 2
---------------buffer = -1
---------------output array = 1
--------------- pairs = 2
---------------buffer = -1
---------------output array = 0
--------------- pairs = 2
---------------buffer = -1
---------------output array = 0
--------------- pairs = 2
---------------buffer = -1
---------------output array = 0
--------------- pairs = 2
---------------buffer = -1
---------------output array = 0
--------------- pairs = 2
---------------buffer = -1
---------------output array = 0
--------------- pairs = 2
---------------buffer = -1
---------------output array = 10
--------------- pairs = 2
---------------buffer = -1
---------------output array = 0
--------------- pairs = 2
---------------buffer = -1
---------------output array = 0
--------------- pairs = 2
---------------buffer = -1
---------------output array = 0
--------------- pairs = 2
---------------buffer = -1
---------------output array = 2
--------------- pairs = 2
---------------buffer = -1
---------------output array = 0
--------------- pairs = 2
---------------buffer = -1
---------------output array = 2
--------------- pairs = 2
---------------buffer = -1
---------------output array = 1
--------------- pairs = 2
---------------buffer = -1
---------------output array = 8
--------------- pairs = 2
---------------buffer = -1
---------------output array = 1
--------------- pairs = 2
---------------buffer = -1
---------------output array = 2
--------------- pairs = 2
---------------buffer = -1
---------------output array = 1
--------------- pairs = 2
---------------buffer = -1
---------------output array = 4
--------------- pairs = 2
---------------buffer = -1
---------------output array = 1
--------------- pairs = 2
---------------buffer = -1
---------------output array = 2
--------------- pairs = 2
---------------buffer = -1
---------------output array = 1
--------------- pairs = 2
---------------buffer = -1
---------------output array = 5
num=2
goint into else
--------------- pairs = 0
---------------buffer = -1
---------------output array = 1
--------------- pairs = 0
---------------buffer = -1
---------------output array = 0
--------------- pairs = 0
---------------buffer = -1
---------------output array = 0
--------------- pairs = 0
---------------buffer = -1
---------------output array = 0
--------------- pairs = 0
---------------buffer = -1
---------------output array = 0
--------------- pairs = 0
---------------buffer = -1
---------------output array = 0
--------------- pairs = 0
---------------buffer = -1
---------------output array = 10
--------------- pairs = 0
---------------buffer = -1
---------------output array = 0
--------------- pairs = 0
---------------buffer = -1
---------------output array = 0
--------------- pairs = 0
---------------buffer = -1
---------------output array = 0
--------------- pairs = 0
---------------buffer = -1
---------------output array = 2
--------------- pairs = 0
---------------buffer = -1
---------------output array = 0
--------------- pairs = 0
---------------buffer = -1
---------------output array = 2
--------------- pairs = 0
---------------buffer = -1
---------------output array = 1
--------------- pairs = 0
---------------buffer = -1
---------------output array = 8
--------------- pairs = 0
---------------buffer = -1
---------------output array = 1
--------------- pairs = 0
---------------buffer = -1
---------------output array = 2
--------------- pairs = 0
---------------buffer = -1
---------------output array = 1
--------------- pairs = 0
---------------buffer = -1
---------------output array = 4
--------------- pairs = 0
---------------buffer = -1
---------------output array = 1
--------------- pairs = 0
---------------buffer = -1
---------------output array = 2
--------------- pairs = 0
---------------buffer = -1
---------------output array = 1
--------------- pairs = 0
---------------buffer = -1
---------------output array = 5
--------------- pairs = 0
---------------buffer = -1
---------------output array = 1
--------------- pairs = 0
---------------buffer = -1
---------------output array = 2
num=0
goint into else
--------------- pairs = 0
---------------buffer = -1
---------------output array = 1
--------------- pairs = 0
---------------buffer = -1
---------------output array = 0
--------------- pairs = 0
---------------buffer = -1
---------------output array = 0
--------------- pairs = 0
---------------buffer = -1
---------------output array = 0
--------------- pairs = 0
---------------buffer = -1
---------------output array = 0
--------------- pairs = 0
---------------buffer = -1
---------------output array = 0
--------------- pairs = 0
---------------buffer = -1
---------------output array = 10
--------------- pairs = 0
---------------buffer = -1
---------------output array = 0
--------------- pairs = 0
---------------buffer = -1
---------------output array = 0
--------------- pairs = 0
---------------buffer = -1
---------------output array = 0
--------------- pairs = 0
---------------buffer = -1
---------------output array = 2
--------------- pairs = 0
---------------buffer = -1
---------------output array = 0
--------------- pairs = 0
---------------buffer = -1
---------------output array = 2
--------------- pairs = 0
---------------buffer = -1
---------------output array = 1
--------------- pairs = 0
---------------buffer = -1
---------------output array = 8
--------------- pairs = 0
---------------buffer = -1
---------------output array = 1
--------------- pairs = 0
---------------buffer = -1
---------------output array = 2
--------------- pairs = 0
---------------buffer = -1
---------------output array = 1
--------------- pairs = 0
---------------buffer = -1
---------------output array = 4
--------------- pairs = 0
---------------buffer = -1
---------------output array = 1
--------------- pairs = 0
---------------buffer = -1
---------------output array = 2
--------------- pairs = 0
---------------buffer = -1
---------------output array = 1
--------------- pairs = 0
---------------buffer = -1
---------------output array = 5
--------------- pairs = 0
---------------buffer = -1
---------------output array = 1
--------------- pairs = 0
---------------buffer = -1
---------------output array = 2
num=0
goint into else
--------------- pairs = 0
---------------buffer = -1
---------------output array = 1
--------------- pairs = 0
---------------buffer = -1
---------------output array = 0
--------------- pairs = 0
---------------buffer = -1
---------------output array = 0
--------------- pairs = 0
---------------buffer = -1
---------------output array = 0
--------------- pairs = 0
---------------buffer = -1
---------------output array = 0
--------------- pairs = 0
---------------buffer = -1
---------------output array = 0
--------------- pairs = 0
---------------buffer = -1
---------------output array = 10
--------------- pairs = 0
---------------buffer = -1
---------------output array = 0
--------------- pairs = 0
---------------buffer = -1
---------------output array = 0
--------------- pairs = 0
---------------buffer = -1
---------------output array = 0
--------------- pairs = 0
---------------buffer = -1
---------------output array = 2
--------------- pairs = 0
---------------buffer = -1
---------------output array = 0
--------------- pairs = 0
---------------buffer = -1
---------------output array = 2
--------------- pairs = 0
---------------buffer = -1
---------------output array = 1
--------------- pairs = 0
---------------buffer = -1
---------------output array = 8
--------------- pairs = 0
---------------buffer = -1
---------------output array = 1
--------------- pairs = 0
---------------buffer = -1
---------------output array = 2
--------------- pairs = 0
---------------buffer = -1
---------------output array = 1
--------------- pairs = 0
---------------buffer = -1
---------------output array = 4
--------------- pairs = 0
---------------buffer = -1
---------------output array = 1
--------------- pairs = 0
---------------buffer = -1
---------------output array = 2
--------------- pairs = 0
---------------buffer = -1
---------------output array = 1
--------------- pairs = 0
---------------buffer = -1
---------------output array = 5
--------------- pairs = 0
---------------buffer = -1
---------------output array = 1
--------------- pairs = 0
---------------buffer = -1
---------------output array = 2
num=0
goint into else
--------------- pairs = 0
---------------buffer = -1
---------------output array = 1
--------------- pairs = 0
---------------buffer = -1
---------------output array = 0
--------------- pairs = 0
---------------buffer = -1
---------------output array = 0
--------------- pairs = 0
---------------buffer = -1
---------------output array = 0
--------------- pairs = 0
---------------buffer = -1
---------------output array = 0
--------------- pairs = 0
---------------buffer = -1
---------------output array = 0
--------------- pairs = 0
---------------buffer = -1
---------------output array = 10
--------------- pairs = 0
---------------buffer = -1
---------------output array = 0
--------------- pairs = 0
---------------buffer = -1
---------------output array = 0
--------------- pairs = 0
---------------buffer = -1
---------------output array = 0
--------------- pairs = 0
---------------buffer = -1
---------------output array = 2
--------------- pairs = 0
---------------buffer = -1
---------------output array = 0
--------------- pairs = 0
---------------buffer = -1
---------------output array = 2
--------------- pairs = 0
---------------buffer = -1
---------------output array = 1
--------------- pairs = 0
---------------buffer = -1
---------------output array = 8
--------------- pairs = 0
---------------buffer = -1
---------------output array = 1
--------------- pairs = 0
---------------buffer = -1
---------------output array = 2
--------------- pairs = 0
---------------buffer = -1
---------------output array = 1
--------------- pairs = 0
---------------buffer = -1
---------------output array = 4
--------------- pairs = 0
---------------buffer = -1
---------------output array = 1
--------------- pairs = 0
---------------buffer = -1
---------------output array = 2
--------------- pairs = 0
---------------buffer = -1
---------------output array = 1
--------------- pairs = 0
---------------buffer = -1
---------------output array = 5
--------------- pairs = 0
---------------buffer = -1
---------------output array = 1
--------------- pairs = 0
---------------buffer = -1
---------------output array = 2
num=0
goint into else
--------------- pairs = 0
---------------buffer = -1
---------------output array = 1
--------------- pairs = 0
---------------buffer = -1
---------------output array = 0
--------------- pairs = 0
---------------buffer = -1
---------------output array = 0
--------------- pairs = 0
---------------buffer = -1
---------------output array = 0
--------------- pairs = 0
---------------buffer = -1
---------------output array = 0
--------------- pairs = 0
---------------buffer = -1
---------------output array = 0
--------------- pairs = 0
---------------buffer = -1
---------------output array = 10
--------------- pairs = 0
---------------buffer = -1
---------------output array = 0
--------------- pairs = 0
---------------buffer = -1
---------------output array = 0
--------------- pairs = 0
---------------buffer = -1
---------------output array = 0
--------------- pairs = 0
---------------buffer = -1
---------------output array = 2
--------------- pairs = 0
---------------buffer = -1
---------------output array = 0
--------------- pairs = 0
---------------buffer = -1
---------------output array = 2
--------------- pairs = 0
---------------buffer = -1
---------------output array = 1
--------------- pairs = 0
---------------buffer = -1
---------------output array = 8
--------------- pairs = 0
---------------buffer = -1
---------------output array = 1
--------------- pairs = 0
---------------buffer = -1
---------------output array = 2
--------------- pairs = 0
---------------buffer = -1
---------------output array = 1
--------------- pairs = 0
---------------buffer = -1
---------------output array = 4
--------------- pairs = 0
---------------buffer = -1
---------------output array = 1
--------------- pairs = 0
---------------buffer = -1
---------------output array = 2
--------------- pairs = 0
---------------buffer = -1
---------------output array = 1
--------------- pairs = 0
---------------buffer = -1
---------------output array = 5
--------------- pairs = 0
---------------buffer = -1
---------------output array = 1
--------------- pairs = 0
---------------buffer = -1
---------------output array = 2
num=0
number of circles in boxes:
 box[0]= 0 
 box[1]= 15 
 box[2]= 30 
 box[3]= 45 
 box[4]= 60 
 box[5]= 62 
 box[6]= 64 
 box[7]= 66 
 box[8]= 68 
 box[9]= 70 
 box[10]= 72 
 box[11]= 74 
 box[12]= 74 
 box[13]= 74 
 box[14]= 74 
 box[15]= 74 
 box[16]= 74 
Copying image data from device
Mismatch detected at pixel [0][407], value = 1.000000, expected 0.718819 for color Red
Mismatch detected at pixel [0][408], value = 1.000000, expected 0.718819 for color Red
Mismatch detected at pixel [0][409], value = 1.000000, expected 0.718819 for color Red
Mismatch detected at pixel [0][410], value = 1.000000, expected 0.718819 for color Red
Mismatch detected at pixel [0][411], value = 1.000000, expected 0.718819 for color Red
Mismatch detected at pixel [0][412], value = 1.000000, expected 0.718819 for color Red
ERROR : Mismatch detected between reference and actual
