Rendering to 1024x1024 image
Loaded scene with 10 circles
Loaded scene with 10 circles
---------------------------------------------------------
Initializing CUDA for CudaRenderer
Found 4 CUDA devices
Device 0: GeForce GTX 1080 Ti
   SMs:        28
   Global mem: 11178 MB
   CUDA Cap:   6.1
Device 1: GeForce GTX 1080 Ti
   SMs:        28
   Global mem: 11178 MB
   CUDA Cap:   6.1
Device 2: GeForce GTX 1080 Ti
   SMs:        28
   Global mem: 11178 MB
   CUDA Cap:   6.1
Device 3: GeForce GTX 1080 Ti
   SMs:        28
   Global mem: 11178 MB
   CUDA Cap:   6.1
---------------------------------------------------------

Running benchmark, 1 frames, beginning at frame 0 ...
numPairs=4
--------------- pairs = 2
---------------buffer = 5
---------------output array = 5
--------------- pairs = 2
---------------buffer = 15
---------------output array = 15
--------------- pairs = 2
---------------buffer = -1
---------------output array = 0
--------------- pairs = 2
---------------buffer = -1
---------------output array = 0
--------------- pairs = 2
---------------buffer = -1
---------------output array = 1
--------------- pairs = 2
---------------buffer = -1
---------------output array = 1
--------------- pairs = 2
---------------buffer = -1
---------------output array = 0
--------------- pairs = 2
---------------buffer = -1
---------------output array = 0
--------------- pairs = 2
---------------buffer = -1
---------------output array = 0
--------------- pairs = 2
---------------buffer = -1
---------------output array = 0
num=2
num=2
goint into else
--------------- pairs = 6
---------------buffer = 10
---------------output array = 10
--------------- pairs = 6
---------------buffer = 11
---------------output array = 11
--------------- pairs = 6
---------------buffer = 12
---------------output array = 12
--------------- pairs = 6
---------------buffer = 13
---------------output array = 13
--------------- pairs = 6
---------------buffer = 14
---------------output array = 14
--------------- pairs = 6
---------------buffer = 15
---------------output array = 15
--------------- pairs = 6
---------------buffer = -1
---------------output array = 0
--------------- pairs = 6
---------------buffer = -1
---------------output array = 0
--------------- pairs = 6
---------------buffer = -1
---------------output array = 0
--------------- pairs = 6
---------------buffer = -1
---------------output array = 0
num=6
goint into else
--------------- pairs = 2
---------------buffer = 11
---------------output array = 11
--------------- pairs = 2
---------------buffer = 12
---------------output array = 12
--------------- pairs = 2
---------------buffer = -1
---------------output array = 0
--------------- pairs = 2
---------------buffer = 13
---------------output array = 0
--------------- pairs = 2
---------------buffer = -1
---------------output array = 0
--------------- pairs = 2
---------------buffer = -1
---------------output array = 0
--------------- pairs = 2
---------------buffer = 14
---------------output array = 0
--------------- pairs = 2
---------------buffer = -1
---------------output array = 0
--------------- pairs = 2
---------------buffer = -1
---------------output array = 1
--------------- pairs = 2
---------------buffer = -1
---------------output array = 0
num=2
goint into else
--------------- pairs = 4
---------------buffer = 1
---------------output array = 1
--------------- pairs = 4
---------------buffer = 7
---------------output array = 7
--------------- pairs = 4
---------------buffer = 12
---------------output array = 12
--------------- pairs = 4
---------------buffer = 13
---------------output array = 13
--------------- pairs = 4
---------------buffer = -1
---------------output array = 0
--------------- pairs = 4
---------------buffer = -1
---------------output array = 0
--------------- pairs = 4
---------------buffer = 14
---------------output array = 1
--------------- pairs = 4
---------------buffer = -1
---------------output array = 0
--------------- pairs = 4
---------------buffer = -1
---------------output array = 0
--------------- pairs = 4
---------------buffer = -1
---------------output array = 0
num=4
goint into else
--------------- pairs = 2
---------------buffer = 7
---------------output array = 7
--------------- pairs = 2
---------------buffer = 10
---------------output array = 10
--------------- pairs = 2
---------------buffer = -1
---------------output array = 1
--------------- pairs = 2
---------------buffer = 11
---------------output array = 0
--------------- pairs = 2
---------------buffer = -1
---------------output array = 0
--------------- pairs = 2
---------------buffer = 12
---------------output array = 0
--------------- pairs = 2
---------------buffer = -1
---------------output array = 0
--------------- pairs = 2
---------------buffer = 13
---------------output array = 0
--------------- pairs = 2
---------------buffer = -1
---------------output array = 0
--------------- pairs = 2
---------------buffer = -1
---------------output array = 0
num=2
goint into else
--------------- pairs = 2
---------------buffer = 10
---------------output array = 10
--------------- pairs = 2
---------------buffer = 11
---------------output array = 11
--------------- pairs = 2
---------------buffer = -1
---------------output array = 0
--------------- pairs = 2
---------------buffer = -1
---------------output array = 0
--------------- pairs = 2
---------------buffer = 12
---------------output array = 0
--------------- pairs = 2
---------------buffer = -1
---------------output array = 0
--------------- pairs = 2
---------------buffer = -1
---------------output array = 0
--------------- pairs = 2
---------------buffer = -1
---------------output array = 0
--------------- pairs = 2
---------------buffer = -1
---------------output array = 1
--------------- pairs = 2
---------------buffer = 13
---------------output array = 0
num=2
goint into else
--------------- pairs = 2
---------------buffer = 11
---------------output array = 11
--------------- pairs = 2
---------------buffer = 12
---------------output array = 12
--------------- pairs = 2
---------------buffer = -1
---------------output array = 0
--------------- pairs = 2
---------------buffer = -1
---------------output array = 0
--------------- pairs = 2
---------------buffer = -1
---------------output array = 0
--------------- pairs = 2
---------------buffer = 13
---------------output array = 0
--------------- pairs = 2
---------------buffer = -1
---------------output array = 1
--------------- pairs = 2
---------------buffer = -1
---------------output array = 0
--------------- pairs = 2
---------------buffer = -1
---------------output array = 0
--------------- pairs = 2
---------------buffer = -1
---------------output array = 0
num=2
goint into else
--------------- pairs = 2
---------------buffer = 12
---------------output array = 12
--------------- pairs = 2
---------------buffer = 13
---------------output array = 13
--------------- pairs = 2
---------------buffer = -1
---------------output array = 0
--------------- pairs = 2
---------------buffer = -1
---------------output array = 0
--------------- pairs = 2
---------------buffer = -1
---------------output array = 1
--------------- pairs = 2
---------------buffer = -1
---------------output array = 0
--------------- pairs = 2
---------------buffer = 14
---------------output array = 0
--------------- pairs = 2
---------------buffer = -1
---------------output array = 0
--------------- pairs = 2
---------------buffer = -1
---------------output array = 1
--------------- pairs = 2
---------------buffer = -1
---------------output array = 0
num=2
goint into else
--------------- pairs = 2
---------------buffer = 13
---------------output array = 13
--------------- pairs = 2
---------------buffer = 14
---------------output array = 14
--------------- pairs = 2
---------------buffer = -1
---------------output array = 1
--------------- pairs = 2
---------------buffer = -1
---------------output array = 0
--------------- pairs = 2
---------------buffer = -1
---------------output array = 0
--------------- pairs = 2
---------------buffer = -1
---------------output array = 0
--------------- pairs = 2
---------------buffer = -1
---------------output array = 1
--------------- pairs = 2
---------------buffer = 15
---------------output array = 0
--------------- pairs = 2
---------------buffer = -1
---------------output array = 1
--------------- pairs = 2
---------------buffer = -1
---------------output array = 1
num=2
goint into else
--------------- pairs = 2
---------------buffer = 14
---------------output array = 14
--------------- pairs = 2
---------------buffer = 15
---------------output array = 15
--------------- pairs = 2
---------------buffer = -1
---------------output array = 0
--------------- pairs = 2
---------------buffer = -1
---------------output array = 0
--------------- pairs = 2
---------------buffer = -1
---------------output array = 1
--------------- pairs = 2
---------------buffer = -1
---------------output array = 0
--------------- pairs = 2
---------------buffer = -1
---------------output array = 1
--------------- pairs = 2
---------------buffer = -1
---------------output array = 1
--------------- pairs = 2
---------------buffer = -1
---------------output array = 2
--------------- pairs = 2
---------------buffer = -1
---------------output array = 0
num=2
goint into else
--------------- pairs = 0
---------------buffer = -1
---------------output array = 0
--------------- pairs = 0
---------------buffer = -1
---------------output array = 0
--------------- pairs = 0
---------------buffer = -1
---------------output array = 1
--------------- pairs = 0
---------------buffer = -1
---------------output array = 0
--------------- pairs = 0
---------------buffer = -1
---------------output array = 1
--------------- pairs = 0
---------------buffer = -1
---------------output array = 1
--------------- pairs = 0
---------------buffer = -1
---------------output array = 2
--------------- pairs = 0
---------------buffer = -1
---------------output array = 0
--------------- pairs = 0
---------------buffer = -1
---------------output array = 0
--------------- pairs = 0
---------------buffer = -1
---------------output array = 0
num=0
goint into else
--------------- pairs = 0
---------------buffer = -1
---------------output array = 0
--------------- pairs = 0
---------------buffer = -1
---------------output array = 0
--------------- pairs = 0
---------------buffer = -1
---------------output array = 1
--------------- pairs = 0
---------------buffer = -1
---------------output array = 0
--------------- pairs = 0
---------------buffer = -1
---------------output array = 1
--------------- pairs = 0
---------------buffer = -1
---------------output array = 1
--------------- pairs = 0
---------------buffer = -1
---------------output array = 2
--------------- pairs = 0
---------------buffer = -1
---------------output array = 0
--------------- pairs = 0
---------------buffer = -1
---------------output array = 0
--------------- pairs = 0
---------------buffer = -1
---------------output array = 0
num=0
goint into else
--------------- pairs = 0
---------------buffer = -1
---------------output array = 0
--------------- pairs = 0
---------------buffer = -1
---------------output array = 0
--------------- pairs = 0
---------------buffer = -1
---------------output array = 1
--------------- pairs = 0
---------------buffer = -1
---------------output array = 0
--------------- pairs = 0
---------------buffer = -1
---------------output array = 1
--------------- pairs = 0
---------------buffer = -1
---------------output array = 1
--------------- pairs = 0
---------------buffer = -1
---------------output array = 2
--------------- pairs = 0
---------------buffer = -1
---------------output array = 0
--------------- pairs = 0
---------------buffer = -1
---------------output array = 0
--------------- pairs = 0
---------------buffer = -1
---------------output array = 0
num=0
goint into else
--------------- pairs = 0
---------------buffer = -1
---------------output array = 0
--------------- pairs = 0
---------------buffer = -1
---------------output array = 0
--------------- pairs = 0
---------------buffer = -1
---------------output array = 1
--------------- pairs = 0
---------------buffer = -1
---------------output array = 0
--------------- pairs = 0
---------------buffer = -1
---------------output array = 1
--------------- pairs = 0
---------------buffer = -1
---------------output array = 1
--------------- pairs = 0
---------------buffer = -1
---------------output array = 2
--------------- pairs = 0
---------------buffer = -1
---------------output array = 0
--------------- pairs = 0
---------------buffer = -1
---------------output array = 0
--------------- pairs = 0
---------------buffer = -1
---------------output array = 0
num=0
goint into else
--------------- pairs = 0
---------------buffer = -1
---------------output array = 0
--------------- pairs = 0
---------------buffer = -1
---------------output array = 0
--------------- pairs = 0
---------------buffer = -1
---------------output array = 1
--------------- pairs = 0
---------------buffer = -1
---------------output array = 0
--------------- pairs = 0
---------------buffer = -1
---------------output array = 1
--------------- pairs = 0
---------------buffer = -1
---------------output array = 1
--------------- pairs = 0
---------------buffer = -1
---------------output array = 2
--------------- pairs = 0
---------------buffer = -1
---------------output array = 0
--------------- pairs = 0
---------------buffer = -1
---------------output array = 0
--------------- pairs = 0
---------------buffer = -1
---------------output array = 0
num=0
goint into else
--------------- pairs = 0
---------------buffer = -1
---------------output array = 0
--------------- pairs = 0
---------------buffer = -1
---------------output array = 0
--------------- pairs = 0
---------------buffer = -1
---------------output array = 1
--------------- pairs = 0
---------------buffer = -1
---------------output array = 0
--------------- pairs = 0
---------------buffer = -1
---------------output array = 1
--------------- pairs = 0
---------------buffer = -1
---------------output array = 1
--------------- pairs = 0
---------------buffer = -1
---------------output array = 2
--------------- pairs = 0
---------------buffer = -1
---------------output array = 0
--------------- pairs = 0
---------------buffer = -1
---------------output array = 0
--------------- pairs = 0
---------------buffer = -1
---------------output array = 0
num=0
number of circles in boxes:
 box[0]= 0 
 box[1]= 2 
 box[2]= 8 
 box[3]= 10 
 box[4]= 14 
 box[5]= 16 
 box[6]= 18 
 box[7]= 20 
 box[8]= 22 
 box[9]= 24 
 box[10]= 26 
 box[11]= 26 
 box[12]= 26 
 box[13]= 26 
 box[14]= 26 
 box[15]= 26 
 box[16]= 26 
Copying image data from device
Mismatch detected at pixel [163][930], value = 1.000000, expected 0.500000 for color Red
Mismatch detected at pixel [163][930], value = 1.000000, expected 0.500000 for color Blue
Mismatch detected at pixel [163][931], value = 1.000000, expected 0.500000 for color Red
Mismatch detected at pixel [163][931], value = 1.000000, expected 0.500000 for color Blue
Mismatch detected at pixel [163][932], value = 1.000000, expected 0.500000 for color Red
Mismatch detected at pixel [163][932], value = 1.000000, expected 0.500000 for color Blue
ERROR : Mismatch detected between reference and actual
