Rendering to 1024x1024 image
Loaded scene with 10000 circles
Loaded scene with 10000 circles
---------------------------------------------------------
Initializing CUDA for CudaRenderer
Found 4 CUDA devices
Device 0: GeForce GTX 1080 Ti
   SMs:        28
   Global mem: 11178 MB
   CUDA Cap:   6.1
Device 1: GeForce GTX 1080 Ti
   SMs:        28
   Global mem: 11178 MB
   CUDA Cap:   6.1
Device 2: GeForce GTX 1080 Ti
   SMs:        28
   Global mem: 11178 MB
   CUDA Cap:   6.1
Device 3: GeForce GTX 1080 Ti
   SMs:        28
   Global mem: 11178 MB
   CUDA Cap:   6.1
---------------------------------------------------------

Running benchmark, 1 frames, beginning at frame 0 ...
Copying image data from device
***************** Correctness check passed **************************
Clear:    0.0667 ms
Advance:  0.0012 ms
Render:   542.6434 ms
Total:    542.7113 ms

Overall:  7.3077 sec (note units are seconds)
