Rendering to 1024x1024 image
Loaded data for 100000 circles from snow.par
Loaded scene with 100000 circles
---------------------------------------------------------
Initializing CUDA for CudaRenderer
Found 4 CUDA devices
Device 0: GeForce GTX 1080 Ti
   SMs:        28
   Global mem: 11178 MB
   CUDA Cap:   6.1
Device 1: GeForce GTX 1080 Ti
   SMs:        28
   Global mem: 11178 MB
   CUDA Cap:   6.1
Device 2: GeForce GTX 1080 Ti
   SMs:        28
   Global mem: 11178 MB
   CUDA Cap:   6.1
Device 3: GeForce GTX 1080 Ti
   SMs:        28
   Global mem: 11178 MB
   CUDA Cap:   6.1
---------------------------------------------------------
WARNING: You're not running on a fast GPU, please consider using NVIDIA GTX 480, 670 or 780.
---------------------------------------------------------

Running benchmark, 4 frames, beginning at frame 0 ...
Clear:    0.0587 ms
Advance:  0.0008 ms
Render:   11.9915 ms
Total:    12.0511 ms

Overall:  0.0483 sec (note units are seconds)
